[debug] [2020-03-23T13:44:43.561Z] ----------------------------------------------------------------------
[debug] [2020-03-23T13:44:43.563Z] Command:       C:\Program Files\nodejs\node.exe C:\Users\jakub\AppData\Roaming\npm\node_modules\firebase-tools\lib\bin\firebase.js serve
[debug] [2020-03-23T13:44:43.563Z] CLI Version:   7.15.1
[debug] [2020-03-23T13:44:43.563Z] Platform:      win32
[debug] [2020-03-23T13:44:43.563Z] Node Version:  v13.9.0
[debug] [2020-03-23T13:44:43.564Z] Time:          Mon Mar 23 2020 14:44:43 GMT+0100 (czas środkowoeuropejski standardowy)
[debug] [2020-03-23T13:44:43.564Z] ----------------------------------------------------------------------
[debug] [2020-03-23T13:44:43.564Z] 
[debug] [2020-03-23T13:44:43.569Z] > command requires scopes: ["email","openid","https://www.googleapis.com/auth/cloudplatformprojects.readonly","https://www.googleapis.com/auth/firebase","https://www.googleapis.com/auth/cloud-platform"]
[debug] [2020-03-23T13:44:43.570Z] > authorizing via signed-in user
[debug] [2020-03-23T13:44:43.570Z] [iam] checking project easyword for permissions ["firebase.projects.get"]
[debug] [2020-03-23T13:44:43.571Z] >>> HTTP REQUEST POST https://cloudresourcemanager.googleapis.com/v1/projects/easyword:testIamPermissions  

[debug] [2020-03-23T13:44:43.848Z] <<< HTTP RESPONSE 200
[debug] [2020-03-23T13:44:43.849Z] >>> HTTP REQUEST GET https://firebase.googleapis.com/v1beta1/projects/easyword  
 
[debug] [2020-03-23T13:44:44.136Z] <<< HTTP RESPONSE 200
[info] 
[info] === Serving from 'C:\Users\jakub\Desktop\PROGRAMOWANIE\easy-word'...
[info] 
[debug] [2020-03-23T13:44:44.140Z] >>> HTTP REQUEST GET https://firebase.googleapis.com/v1beta1/projects/easyword/webApps/-/config  
 
[debug] [2020-03-23T13:44:44.690Z] <<< HTTP RESPONSE 200
[info] i  hosting: Serving hosting files from: build
[info] +  hosting: Local server: http://localhost:5000
[warn] !  Your requested "node" version "8" doesn't match your global version "13"
[info] +  functions: functions emulator started at http://localhost:5001
[info] i  functions: Watching "C:\Users\jakub\Desktop\PROGRAMOWANIE\easy-word\functions" for Cloud Functions...
[debug] [2020-03-23T13:44:46.166Z] [worker-pool] addWorker(~diagnostic~)
[debug] [2020-03-23T13:44:46.166Z] [worker-pool] Adding worker with key ~diagnostic~, total=1
[debug] [2020-03-23T13:44:46.167Z] [worker-pool] submitWork(triggerId=)
[debug] [2020-03-23T13:44:46.167Z] [worker-~diagnostic~-e57be003-a756-468d-a73d-be20b9340c40]: Assigning socketPath: \\?\pipe\C:\Users\jakub\Desktop\PROGRAMOWANIE\easy-word\functions\11092
[debug] [2020-03-23T13:44:46.167Z] [worker-~diagnostic~-e57be003-a756-468d-a73d-be20b9340c40]: BUSY
[debug] [2020-03-23T13:44:46.446Z] [runtime-status] [11092] Functions runtime initialized. {"cwd":"C:\\Users\\jakub\\Desktop\\PROGRAMOWANIE\\easy-word\\functions","node_version":"13.9.0"}
[debug] [2020-03-23T13:44:46.446Z] [runtime-status] [11092] Disabled runtime features: {"functions_config_helper":true,"network_filtering":true,"timeout":true,"memory_limiting":true,"admin_stubs":true,"pubsub_emulator":true}
[debug] [2020-03-23T13:44:46.448Z] [runtime-status] [11092] Resolved module firebase-admin {"declared":true,"installed":true,"version":"8.8.0","resolution":"C:\\Users\\jakub\\Desktop\\PROGRAMOWANIE\\easy-word\\functions\\node_modules\\firebase-admin\\lib\\index.js"}
[debug] [2020-03-23T13:44:46.449Z] [runtime-status] [11092] Resolved module firebase-functions {"declared":true,"installed":true,"version":"3.3.0","resolution":"C:\\Users\\jakub\\Desktop\\PROGRAMOWANIE\\easy-word\\functions\\node_modules\\firebase-functions\\lib\\index.js"}
[debug] [2020-03-23T13:44:46.450Z] [runtime-status] [11092] Resolved module firebase-functions {"declared":true,"installed":true,"version":"3.3.0","resolution":"C:\\Users\\jakub\\Desktop\\PROGRAMOWANIE\\easy-word\\functions\\node_modules\\firebase-functions\\lib\\index.js"}
[info] +  functions[addAdminRole]: http function initialized (http://localhost:5001/easyword/us-central1/addAdminRole).
[debug] [2020-03-23T13:44:46.685Z] [worker-~diagnostic~-e57be003-a756-468d-a73d-be20b9340c40]: IDLE
